----------------------------------------
Marvellous Automation Script 
----------------------------------------

Files from the directory are: 
----------------------------------------

Marvellous\Mumbai\demo1.txt
Marvellous\Mumbai\demo2.txt
Marvellous\Mumbai\EntryPoint.py
Marvellous\Mumbai\ExceptionDemo1.py
Marvellous\Mumbai\ExceptionDemo2.py
Marvellous\Mumbai\ExceptionDemo3.py
Marvellous\Mumbai\ExceptionDemo4.py
Marvellous\Pune\AbstractDemmo1.py
Marvellous\Pune\AbstractDemo2.py
Marvellous\Pune\Addition.py
Marvellous\Pune\AdditionTypeCast.py
Marvellous\Pune\AdditionTypeCastX.py
Marvellous\Pune\demo1.txt
Marvellous\Pune\demo2.txt
Marvellous\Satara\AutomationScript1.py
Marvellous\Satara\AutomationScript2.py
Marvellous\Satara\AutomationScript3.py
Marvellous\Satara\AutomationScript4.py
----------------------------------------
